<?xml version="1.0" encoding="windows-1252" standalone="no"?>
<!DOCTYPE log SYSTEM "logger.dtd">
<log>
<record>
  <date>2021-04-28T14:45:04.825916100Z</date>
  <millis>1619621104825</millis>
  <nanos>916100</nanos>
  <sequence>0</sequence>
  <logger>global</logger>
  <level>INFO</level>
  <class>logging.MyLogger</class>
  <method>setup</method>
  <thread>1</thread>
  <message>Logger is configured</message>
</record>
<record>
  <date>2021-04-28T14:45:05.838667100Z</date>
  <millis>1619621105838</millis>
  <nanos>667100</nanos>
  <sequence>1</sequence>
  <logger>global</logger>
  <level>INFO</level>
  <class>jdbc.JDBCManager</class>
  <method>connect</method>
  <thread>1</thread>
  <message>Se ha establecido la conexión con la BD</message>
</record>
